\BOOKMARK [1][-]{section.1}{Introduction}{}% 1
\BOOKMARK [1][-]{section.2}{Analytical model of 22 lattice}{}% 2
\BOOKMARK [2][-]{subsection.2.1}{The underlying math}{section.2}% 3
\BOOKMARK [2][-]{subsection.2.2}{Results}{section.2}% 4
\BOOKMARK [1][-]{section.3}{Making a working numerical model for a 22 lattice}{}% 5
\BOOKMARK [2][-]{subsection.3.1}{How the script works}{section.3}% 6
\BOOKMARK [2][-]{subsection.3.2}{Results and discussion}{section.3}% 7
\BOOKMARK [1][-]{section.4}{When a 2020 lattice reach equilibrium}{}% 8
\BOOKMARK [2][-]{subsection.4.1}{Modifying the script}{section.4}% 9
\BOOKMARK [2][-]{subsection.4.2}{Spin-up orientation results}{section.4}% 10
\BOOKMARK [2][-]{subsection.4.3}{Spin-up orientation discussion}{section.4}% 11
\BOOKMARK [2][-]{subsection.4.4}{Random spin orientation results}{section.4}% 12
\BOOKMARK [2][-]{subsection.4.5}{Random spin orientation discussion}{section.4}% 13
\BOOKMARK [2][-]{subsection.4.6}{Accepted energy shifts}{section.4}% 14
\BOOKMARK [2][-]{subsection.4.7}{Results and discussion of accepted configurations' investigation}{section.4}% 15
\BOOKMARK [1][-]{section.5}{Making a probability estimate of an energy quantity}{}% 16
\BOOKMARK [2][-]{subsection.5.1}{Modifying the script}{section.5}% 17
\BOOKMARK [2][-]{subsection.5.2}{Results and discussion of the probabilities}{section.5}% 18
\BOOKMARK [1][-]{section.6}{Appendix}{}% 19
\BOOKMARK [2][-]{subsection.6.1}{Code and GitHub}{section.6}% 20
